  stdafx.cpp
  "C:\Users\Phuce\Desktop\shit\GTAV_Native_Invoker-master\GTAV_Native_Invoker\stdafx.cpp": creating precompiled header file "PS3_Debug\Menu Base.pch"
  printf.cpp
SNCCL : warning 1641: PreCompiled Header definition mismatch: PCH file uses PCH header file "stdafx.h", current file uses header file <cell/cell_fs.h>
  
SNCCL : warning 632: the initial sequence of preprocessing directives is not compatible with those of precompiled header file "PS3_Debug\Menu Base.pch"
  
C:\Users\Phuce\Desktop\shit\GTAV_Native_Invoker-master\GTAV_Native_Invoker\printf.cpp(887,5): warning 178: variable "l_iLen" was declared but never referenced
  
  prx.cpp
SNCCL : warning 1641: PreCompiled Header definition mismatch: PCH file uses PCH header file "stdafx.h", current file uses header file <cellstatus.h>
  
SNCCL : warning 632: the initial sequence of preprocessing directives is not compatible with those of precompiled header file "PS3_Debug\Menu Base.pch"
  
C:\Users\Phuce\Desktop\shit\GTAV_Native_Invoker-master\GTAV_Native_Invoker\Dialog.h(280,6): warning 552: variable "ret" was set but never used
  
C:\Users\Phuce\Desktop\shit\GTAV_Native_Invoker-master\GTAV_Native_Invoker\prx.cpp(158): warning 942: missing return statement at end of non-void function "write_process"
  
C:\Users\Phuce\Desktop\shit\GTAV_Native_Invoker-master\GTAV_Native_Invoker\prx.cpp(171,15): warning 1067: conversion from integer to smaller pointer
  
C:\Users\Phuce\Desktop\shit\GTAV_Native_Invoker-master\GTAV_Native_Invoker\prx.cpp(226): warning 942: missing return statement at end of non-void function "NativeUIess"
  
C:\Users\Phuce\Desktop\shit\GTAV_Native_Invoker-master\GTAV_Native_Invoker\prx.cpp(382,8): warning 1070: returning pointer to local variable
  
C:\Users\Phuce\Desktop\shit\GTAV_Native_Invoker-master\GTAV_Native_Invoker\prx.cpp(391,8): warning 1070: returning pointer to local variable
  
C:\Users\Phuce\Desktop\shit\GTAV_Native_Invoker-master\GTAV_Native_Invoker\prx.cpp(731,25): warning 237: controlling expression is constant
  
C:\Users\Phuce\Desktop\shit\GTAV_Native_Invoker-master\GTAV_Native_Invoker\prx.cpp(873): warning 942: missing return statement at end of non-void function "showMessage"
  
C:\Users\Phuce\Desktop\shit\GTAV_Native_Invoker-master\GTAV_Native_Invoker\prx.cpp(544,12): warning 178: function "DRAW_SPRITE" was declared but never referenced
  
  GTAV_Native_Invoker.vcxproj -> C:\Users\Phuce\Desktop\shit\GTAV_Native_Invoker-master\PS3_Debug\Menu Base.sprx
  Cannot find the expected PRX Stub Library file: cellPrx_Menu Base_stub.a
